
<!DOCTYPE html>
<html>


<head>
	<meta charset='UTF-8' /> 
	<meta name='description' content='' />
	<meta name='robots' content='noodp, noydir' />
	<meta name='viewport' content='width=device-width, initial-scale=1' />
	<meta id="timeStampFormat" name="timeStampFormat" content='MMM d, yyyy hh:mm:ss a'/>
	
	<link href='http://fonts.googleapis.com/css?family=Source+Sans+Pro:400,600' rel='stylesheet' type='text/css'>
	<link href="http://fonts.googleapis.com/icon?family=Material+Icons" rel="stylesheet">

		<link href='http://cdn.rawgit.com/anshooarora/extentreports-java/6d3843c29c354373fafad29c03a1a89b7e06c374/dist/css/extent.css' type='text/css' rel='stylesheet' />
	
	<title>Extent</title>

</head>

	<body class='extent standard default hide-overflow bdd-report'>
		<div id='theme-selector' alt='Click to toggle theme. To enable by default, use theme configuration.' title='Click to toggle theme. To enable by default, use theme configuration.'>
			<span><i class='material-icons'>desktop_windows</i></span>
		</div>

<nav>
	<div class="nav-wrapper">
		<a href="#!" class="brand-logo blue darken-3">Extent</a>

		<!-- slideout menu -->
		<ul id='slide-out' class='side-nav fixed hide-on-med-and-down'>
			<li class='waves-effect active'><a href='#!' view='test-view' onclick="configureView(0);chartsView('test');"><i class='material-icons'>dashboard</i></a></li>
						<li class='waves-effect'><a href='#!' view='exception-view' onclick="configureView(2)"><i class='material-icons'>bug_report</i></a></li>
			<li class='waves-effect'><a href='#!' onclick="configureView(-1);chartsView('dashboard');" view='dashboard-view'><i class='material-icons'>track_changes</i></i></a></li>
			<li class='waves-effect'><a href='#!' onclick="configureView(-1)" view='testrunner-logs-view'><i class='material-icons'>note</i></a></li>
		</ul>

		<!-- report name -->
		<span class='report-name'>Cucumber Report</span>
		
		<!-- report headline -->
		<span class='report-headline'></span>

		<!-- nav-right -->
		<ul id='nav-mobile' class='right hide-on-med-and-down nav-right'>
			<li>
                <a href='#!'>
                    <span class='label suite-start-time blue darken-3'>Jan 7, 2021 02:38:57 PM</span>
				</a>
			</li>
			<li>
                <a href='#!'>
                    <span class='label blue darken-3'>v3.0.6</span>
				</a>
			</li>
		</ul>
	</div>
</nav>

		<!-- container -->
		<div class='container'>

<div id='test-view' class='view'>
				
	<section id='controls'>
		<div class='controls grey lighten-4'>
			<!-- test toggle -->
			<div class='chip transparent'>
				<a class='dropdown-button tests-toggle' data-activates='tests-toggle' data-constrainwidth='true' data-beloworigin='true' data-hover='true' href='#'>
					<i class='material-icons'>warning</i> Status
				</a>
				<ul id='tests-toggle' class='dropdown-content'>
											<li status='fail'><a href='#!'>Fail <i class='material-icons red-text'>cancel</i></a></li>
						<li status='skip'><a href='#!'>Skip <i class='material-icons cyan-text'>redo</i></a></li>
					<li class='divider'></li>
					<li status='clear' clear='true'><a href='#!'>Clear Filters <i class='material-icons'>clear</i></a></li>
				</ul>
			</div>
			<!-- test toggle -->

			<!-- category toggle -->
			<!-- category toggle -->

			<!-- clear filters -->
			<div class='chip transparent hide'>
				<a class='' id='clear-filters' alt='Clear Filters' title='Clear Filters'>
					<i class='material-icons'>close</i> Clear
				</a>
			</div>
			<!-- clear filters -->

			<!-- enable dashboard -->
			<div id='toggle-test-view-charts' class='chip transparent'>
				<a class='pink-text' id='enable-dashboard' alt='Enable Dashboard' title='Enable Dashboard'>
					<i class='material-icons'>track_changes</i> Dashboard
				</a>
			</div>
			<!-- enable dashboard -->

			<!-- search -->
			<div class='chip transparent' alt='Search Tests' title='Search Tests'>
				<a href="#" class='search-div'>
					<i class='material-icons'>search</i> Search
				</a>

				<div class='input-field left hide'>
					<input id='search-tests' type='text' class='validate browser-default' placeholder='Search Tests...'>
				</div>
				
			</div>
			<!-- search -->
		</div>
	</section>


<div id='test-view-charts' class='subview-full'>
	<div id='charts-row' class='row nm-v nm-h'>
		<div class='col s12 m4 l4 np-h'>
			<div class='card-panel nm-v'>
				<div class='left panel-name'>Features</div>
				<div class='chart-box'>
					<canvas id='parent-analysis' width='100' height='80'></canvas>
				</div>
				<div class='block text-small'>
					<span class='tooltipped' data-position='top' data-tooltip='0%'><span class='strong'>0</span> feature(s) passed</span>
				</div>
				<div class='block text-small'>
					<span class='strong tooltipped' data-position='top' data-tooltip='100%'>1</span> feature(s) failed, <span class='strong tooltipped' data-position='top' data-tooltip='0%'>0</span> others
				</div>
			</div>
		</div>
		
		<div class='col s12 m4 l4 np-h'>
			<div class='card-panel nm-v'>
				<div class='left panel-name'>Scenarios</div>
				<div class='chart-box'>
					<canvas id='child-analysis' width='100' height='80'></canvas>
				</div>
				<div class='block text-small'>
					<span class='tooltipped' data-position='top' data-tooltip='0%'><span class='strong'>0</span> scenario(s) passed</span>
				</div>
				<div class='block text-small'>
					<span class='strong tooltipped' data-position='top' data-tooltip='100%'>16</span> scenario(s) failed, <span class='strong tooltipped' data-position='top' data-tooltip='0%'>0</span> others
				</div>
			</div>
		</div>
		
		<div class='col s12 m4 l4 np-h'>
			<div class='card-panel nm-v'>
				<div class='left panel-name'>Steps</div>
				<div class='chart-box'>
					<canvas id='grandchild-analysis' width='100' height='80'></canvas>
				</div>
				<div class='block text-small'>
					<span class='tooltipped' data-position='top' data-tooltip='0%'><span class='strong'>0</span> step(s) passed</span>
				</div>
				<div class='block text-small'>
					<span class='strong tooltipped' data-position='top' data-tooltip='30.189%'>16</span> step(s) failed, <span class='strong tooltipped' data-position='top' data-tooltip='69.811%'>37</span> others
				</div>
			</div>
		</div>
	</div>
</div>

	<div class='subview-left left'>
		
		<div class='view-summary'>
			<h5>Features</h5>
			<ul id='test-collection' class='test-collection'>
				
				
				<li class='test displayed active has-leaf fail' status='fail' bdd='true' test-id='1'>
					<div class='test-heading'>
						<span class='test-name'>Verify the Hotel Booking Application</span>
						<span class='test-time'>Jan 7, 2021 02:38:57 PM</span>
						<span class='test-status right fail'>fail</span>
					</div>
					<div class='test-content hide'>
<div class='scenario node' test-id='2' status='fail'>
	<span class='duration right label'>0h 0m 1s+551ms</span>
	<div class='desc'>
		<b>Scenario</b>
		<span class="desc-text">Verify heading of Login page</span>
	</div>
	<ul class='steps'>
		<li test-id='3' class='node given fail' status='fail'>
			
			<b>Given</b>
			
			<span class="bdd-step-name">Given I am on Login page</span>
				<div class='pre'><textarea>java.lang.IllegalStateException: The driver executable does not exist: B:\Workspace\Assessment\src\main\resources\chromedriver.exe
	at com.google.common.base.Preconditions.checkState(Preconditions.java:585)
	at org.openqa.selenium.remote.service.DriverService.checkExecutable(DriverService.java:146)
	at org.openqa.selenium.remote.service.DriverService.findExecutable(DriverService.java:141)
	at org.openqa.selenium.chrome.ChromeDriverService.access$000(ChromeDriverService.java:35)
	at org.openqa.selenium.chrome.ChromeDriverService$Builder.findDefaultExecutable(ChromeDriverService.java:159)
	at org.openqa.selenium.remote.service.DriverService$Builder.build(DriverService.java:355)
	at org.openqa.selenium.chrome.ChromeDriverService.createDefaultService(ChromeDriverService.java:94)
	at org.openqa.selenium.chrome.ChromeDriver.<init>(ChromeDriver.java:123)
	at baseClass.TestBaseClass.initialize(TestBaseClass.java:32)
	at stepDefinations.HotelBookingStepDefinations.i_am_on_Login_page(HotelBookingStepDefinations.java:27)
	at ?.Given I am on Login page(src/main/resources/features/HotelBooking.feature:4)
</textarea></div>
			
		</li>
		<li test-id='4' class='node and skip' status='skip'>
			
			<b>And</b>
			
			<span class="bdd-step-name">And Heading of the Login page is matching the expectations</span>
				<div class='pre'>skipped</div>
			
		</li>
		<li test-id='5' class='node then skip' status='skip'>
			
			<b>Then</b>
			
			<span class="bdd-step-name">Then Printing the heading of Login page and closing the browser</span>
				<div class='pre'>skipped</div>
			
		</li>
	</ul>
</div>
<div class='scenario node' test-id='6' status='fail'>
	<span class='duration right label'>0h 0m 0s+46ms</span>
	<div class='desc'>
		<b>Scenario</b>
		<span class="desc-text">Verify error messages for username and password</span>
	</div>
	<ul class='steps'>
		<li test-id='7' class='node given fail' status='fail'>
			
			<b>Given</b>
			
			<span class="bdd-step-name">Given I am on Login page</span>
				<div class='pre'><textarea>java.lang.IllegalStateException: The driver executable does not exist: B:\Workspace\Assessment\src\main\resources\chromedriver.exe
	at com.google.common.base.Preconditions.checkState(Preconditions.java:585)
	at org.openqa.selenium.remote.service.DriverService.checkExecutable(DriverService.java:146)
	at org.openqa.selenium.remote.service.DriverService.findExecutable(DriverService.java:141)
	at org.openqa.selenium.chrome.ChromeDriverService.access$000(ChromeDriverService.java:35)
	at org.openqa.selenium.chrome.ChromeDriverService$Builder.findDefaultExecutable(ChromeDriverService.java:159)
	at org.openqa.selenium.remote.service.DriverService$Builder.build(DriverService.java:355)
	at org.openqa.selenium.chrome.ChromeDriverService.createDefaultService(ChromeDriverService.java:94)
	at org.openqa.selenium.chrome.ChromeDriver.<init>(ChromeDriver.java:123)
	at baseClass.TestBaseClass.initialize(TestBaseClass.java:32)
	at stepDefinations.HotelBookingStepDefinations.i_am_on_Login_page(HotelBookingStepDefinations.java:27)
	at ?.Given I am on Login page(src/main/resources/features/HotelBooking.feature:9)
</textarea></div>
			
		</li>
		<li test-id='8' class='node and skip' status='skip'>
			
			<b>And</b>
			
			<span class="bdd-step-name">And Clicking on login without entering username</span>
				<div class='pre'>skipped</div>
			
		</li>
		<li test-id='9' class='node and skip' status='skip'>
			
			<b>And</b>
			
			<span class="bdd-step-name">And Clicking on login without entering password</span>
				<div class='pre'>skipped</div>
			
		</li>
		<li test-id='10' class='node then skip' status='skip'>
			
			<b>Then</b>
			
			<span class="bdd-step-name">Then Printing the error messages and closing the browser</span>
				<div class='pre'>skipped</div>
			
		</li>
	</ul>
</div>
<div class='scenario node' test-id='11' status='fail'>
	<span class='duration right label'>0h 0m 0s+215ms</span>
	<div class='desc'>
		<b>Scenario</b>
		<span class="desc-text">Verify the redirection after clicking Login button</span>
	</div>
	<ul class='steps'>
		<li test-id='12' class='node given fail' status='fail'>
			
			<b>Given</b>
			
			<span class="bdd-step-name">Given I am on Login page</span>
				<div class='pre'><textarea>java.lang.IllegalStateException: The driver executable does not exist: B:\Workspace\Assessment\src\main\resources\chromedriver.exe
	at com.google.common.base.Preconditions.checkState(Preconditions.java:585)
	at org.openqa.selenium.remote.service.DriverService.checkExecutable(DriverService.java:146)
	at org.openqa.selenium.remote.service.DriverService.findExecutable(DriverService.java:141)
	at org.openqa.selenium.chrome.ChromeDriverService.access$000(ChromeDriverService.java:35)
	at org.openqa.selenium.chrome.ChromeDriverService$Builder.findDefaultExecutable(ChromeDriverService.java:159)
	at org.openqa.selenium.remote.service.DriverService$Builder.build(DriverService.java:355)
	at org.openqa.selenium.chrome.ChromeDriverService.createDefaultService(ChromeDriverService.java:94)
	at org.openqa.selenium.chrome.ChromeDriver.<init>(ChromeDriver.java:123)
	at baseClass.TestBaseClass.initialize(TestBaseClass.java:32)
	at stepDefinations.HotelBookingStepDefinations.i_am_on_Login_page(HotelBookingStepDefinations.java:27)
	at ?.Given I am on Login page(src/main/resources/features/HotelBooking.feature:15)
</textarea></div>
			
		</li>
		<li test-id='13' class='node and skip' status='skip'>
			
			<b>And</b>
			
			<span class="bdd-step-name">And Entering the login credentials</span>
				<div class='pre'>skipped</div>
			
		</li>
		<li test-id='14' class='node and skip' status='skip'>
			
			<b>And</b>
			
			<span class="bdd-step-name">And Getting redirected to Hotel Booking Form</span>
				<div class='pre'>skipped</div>
			
		</li>
		<li test-id='15' class='node then skip' status='skip'>
			
			<b>Then</b>
			
			<span class="bdd-step-name">Then Printing the Hotel booking form URL and closing the browser</span>
				<div class='pre'>skipped</div>
			
		</li>
	</ul>
</div>
<div class='scenario node' test-id='16' status='fail'>
	<span class='duration right label'>0h 0m 0s+213ms</span>
	<div class='desc'>
		<b>Scenario</b>
		<span class="desc-text">Verify the alert box message for First Name</span>
	</div>
	<ul class='steps'>
		<li test-id='17' class='node given fail' status='fail'>
			
			<b>Given</b>
			
			<span class="bdd-step-name">Given I am on Booking form</span>
				<div class='pre'><textarea>java.lang.IllegalStateException: The driver executable does not exist: B:\Workspace\Assessment\src\main\resources\chromedriver.exe
	at com.google.common.base.Preconditions.checkState(Preconditions.java:585)
	at org.openqa.selenium.remote.service.DriverService.checkExecutable(DriverService.java:146)
	at org.openqa.selenium.remote.service.DriverService.findExecutable(DriverService.java:141)
	at org.openqa.selenium.chrome.ChromeDriverService.access$000(ChromeDriverService.java:35)
	at org.openqa.selenium.chrome.ChromeDriverService$Builder.findDefaultExecutable(ChromeDriverService.java:159)
	at org.openqa.selenium.remote.service.DriverService$Builder.build(DriverService.java:355)
	at org.openqa.selenium.chrome.ChromeDriverService.createDefaultService(ChromeDriverService.java:94)
	at org.openqa.selenium.chrome.ChromeDriver.<init>(ChromeDriver.java:123)
	at baseClass.TestBaseClass.initialize(TestBaseClass.java:32)
	at stepDefinations.HotelBookingStepDefinations.i_am_on_Booking_form(HotelBookingStepDefinations.java:87)
	at ?.Given I am on Booking form(src/main/resources/features/HotelBooking.feature:21)
</textarea></div>
			
		</li>
		<li test-id='18' class='node and skip' status='skip'>
			
			<b>And</b>
			
			<span class="bdd-step-name">And Clicking on Confirm without entering First Name</span>
				<div class='pre'>skipped</div>
			
		</li>
		<li test-id='19' class='node then skip' status='skip'>
			
			<b>Then</b>
			
			<span class="bdd-step-name">Then Printing the alert message for first name and closing the browser</span>
				<div class='pre'>skipped</div>
			
		</li>
	</ul>
</div>
<div class='scenario node' test-id='20' status='fail'>
	<span class='duration right label'>0h 0m 0s+43ms</span>
	<div class='desc'>
		<b>Scenario</b>
		<span class="desc-text">Verify the alert box message for Last Name</span>
	</div>
	<ul class='steps'>
		<li test-id='21' class='node given fail' status='fail'>
			
			<b>Given</b>
			
			<span class="bdd-step-name">Given I am on Booking form</span>
				<div class='pre'><textarea>java.lang.IllegalStateException: The driver executable does not exist: B:\Workspace\Assessment\src\main\resources\chromedriver.exe
	at com.google.common.base.Preconditions.checkState(Preconditions.java:585)
	at org.openqa.selenium.remote.service.DriverService.checkExecutable(DriverService.java:146)
	at org.openqa.selenium.remote.service.DriverService.findExecutable(DriverService.java:141)
	at org.openqa.selenium.chrome.ChromeDriverService.access$000(ChromeDriverService.java:35)
	at org.openqa.selenium.chrome.ChromeDriverService$Builder.findDefaultExecutable(ChromeDriverService.java:159)
	at org.openqa.selenium.remote.service.DriverService$Builder.build(DriverService.java:355)
	at org.openqa.selenium.chrome.ChromeDriverService.createDefaultService(ChromeDriverService.java:94)
	at org.openqa.selenium.chrome.ChromeDriver.<init>(ChromeDriver.java:123)
	at baseClass.TestBaseClass.initialize(TestBaseClass.java:32)
	at stepDefinations.HotelBookingStepDefinations.i_am_on_Booking_form(HotelBookingStepDefinations.java:87)
	at ?.Given I am on Booking form(src/main/resources/features/HotelBooking.feature:26)
</textarea></div>
			
		</li>
		<li test-id='22' class='node and skip' status='skip'>
			
			<b>And</b>
			
			<span class="bdd-step-name">And Clicking on Confirm without entering Last Name</span>
				<div class='pre'>skipped</div>
			
		</li>
		<li test-id='23' class='node then skip' status='skip'>
			
			<b>Then</b>
			
			<span class="bdd-step-name">Then Printing the alert message for Last name and closing the browser</span>
				<div class='pre'>skipped</div>
			
		</li>
	</ul>
</div>
<div class='scenario node' test-id='24' status='fail'>
	<span class='duration right label'>0h 0m 0s+303ms</span>
	<div class='desc'>
		<b>Scenario</b>
		<span class="desc-text">Verify the alert box message for Email</span>
	</div>
	<ul class='steps'>
		<li test-id='25' class='node given fail' status='fail'>
			
			<b>Given</b>
			
			<span class="bdd-step-name">Given I am on Booking form</span>
				<div class='pre'><textarea>java.lang.IllegalStateException: The driver executable does not exist: B:\Workspace\Assessment\src\main\resources\chromedriver.exe
	at com.google.common.base.Preconditions.checkState(Preconditions.java:585)
	at org.openqa.selenium.remote.service.DriverService.checkExecutable(DriverService.java:146)
	at org.openqa.selenium.remote.service.DriverService.findExecutable(DriverService.java:141)
	at org.openqa.selenium.chrome.ChromeDriverService.access$000(ChromeDriverService.java:35)
	at org.openqa.selenium.chrome.ChromeDriverService$Builder.findDefaultExecutable(ChromeDriverService.java:159)
	at org.openqa.selenium.remote.service.DriverService$Builder.build(DriverService.java:355)
	at org.openqa.selenium.chrome.ChromeDriverService.createDefaultService(ChromeDriverService.java:94)
	at org.openqa.selenium.chrome.ChromeDriver.<init>(ChromeDriver.java:123)
	at baseClass.TestBaseClass.initialize(TestBaseClass.java:32)
	at stepDefinations.HotelBookingStepDefinations.i_am_on_Booking_form(HotelBookingStepDefinations.java:87)
	at ?.Given I am on Booking form(src/main/resources/features/HotelBooking.feature:31)
</textarea></div>
			
		</li>
		<li test-id='26' class='node and skip' status='skip'>
			
			<b>And</b>
			
			<span class="bdd-step-name">And Clicking on Confirm without entering Email</span>
				<div class='pre'>skipped</div>
			
		</li>
		<li test-id='27' class='node and skip' status='skip'>
			
			<b>And</b>
			
			<span class="bdd-step-name">And Clicking on Confirm by entering incorrect Email</span>
				<div class='pre'>skipped</div>
			
		</li>
		<li test-id='28' class='node then skip' status='skip'>
			
			<b>Then</b>
			
			<span class="bdd-step-name">Then Printing the alert messages for Email and closing the browser</span>
				<div class='pre'>skipped</div>
			
		</li>
	</ul>
</div>
<div class='scenario node' test-id='29' status='fail'>
	<span class='duration right label'>0h 0m 0s+48ms</span>
	<div class='desc'>
		<b>Scenario</b>
		<span class="desc-text">Verify the alert box message for Mobile</span>
	</div>
	<ul class='steps'>
		<li test-id='30' class='node given fail' status='fail'>
			
			<b>Given</b>
			
			<span class="bdd-step-name">Given I am on Booking form</span>
				<div class='pre'><textarea>java.lang.IllegalStateException: The driver executable does not exist: B:\Workspace\Assessment\src\main\resources\chromedriver.exe
	at com.google.common.base.Preconditions.checkState(Preconditions.java:585)
	at org.openqa.selenium.remote.service.DriverService.checkExecutable(DriverService.java:146)
	at org.openqa.selenium.remote.service.DriverService.findExecutable(DriverService.java:141)
	at org.openqa.selenium.chrome.ChromeDriverService.access$000(ChromeDriverService.java:35)
	at org.openqa.selenium.chrome.ChromeDriverService$Builder.findDefaultExecutable(ChromeDriverService.java:159)
	at org.openqa.selenium.remote.service.DriverService$Builder.build(DriverService.java:355)
	at org.openqa.selenium.chrome.ChromeDriverService.createDefaultService(ChromeDriverService.java:94)
	at org.openqa.selenium.chrome.ChromeDriver.<init>(ChromeDriver.java:123)
	at baseClass.TestBaseClass.initialize(TestBaseClass.java:32)
	at stepDefinations.HotelBookingStepDefinations.i_am_on_Booking_form(HotelBookingStepDefinations.java:87)
	at ?.Given I am on Booking form(src/main/resources/features/HotelBooking.feature:37)
</textarea></div>
			
		</li>
		<li test-id='31' class='node and skip' status='skip'>
			
			<b>And</b>
			
			<span class="bdd-step-name">And Clicking on Confirm without entering Mobile</span>
				<div class='pre'>skipped</div>
			
		</li>
		<li test-id='32' class='node and skip' status='skip'>
			
			<b>And</b>
			
			<span class="bdd-step-name">And Clicking on Confirm by entering incorrect Mobile</span>
				<div class='pre'>skipped</div>
			
		</li>
		<li test-id='33' class='node then skip' status='skip'>
			
			<b>Then</b>
			
			<span class="bdd-step-name">Then Printing the alert messages for Mobile and closing the browser</span>
				<div class='pre'>skipped</div>
			
		</li>
	</ul>
</div>
<div class='scenario node' test-id='34' status='fail'>
	<span class='duration right label'>0h 0m 0s+181ms</span>
	<div class='desc'>
		<b>Scenario</b>
		<span class="desc-text">Enter the address</span>
	</div>
	<ul class='steps'>
		<li test-id='35' class='node given fail' status='fail'>
			
			<b>Given</b>
			
			<span class="bdd-step-name">Given I am on Booking form</span>
				<div class='pre'><textarea>java.lang.IllegalStateException: The driver executable does not exist: B:\Workspace\Assessment\src\main\resources\chromedriver.exe
	at com.google.common.base.Preconditions.checkState(Preconditions.java:585)
	at org.openqa.selenium.remote.service.DriverService.checkExecutable(DriverService.java:146)
	at org.openqa.selenium.remote.service.DriverService.findExecutable(DriverService.java:141)
	at org.openqa.selenium.chrome.ChromeDriverService.access$000(ChromeDriverService.java:35)
	at org.openqa.selenium.chrome.ChromeDriverService$Builder.findDefaultExecutable(ChromeDriverService.java:159)
	at org.openqa.selenium.remote.service.DriverService$Builder.build(DriverService.java:355)
	at org.openqa.selenium.chrome.ChromeDriverService.createDefaultService(ChromeDriverService.java:94)
	at org.openqa.selenium.chrome.ChromeDriver.<init>(ChromeDriver.java:123)
	at baseClass.TestBaseClass.initialize(TestBaseClass.java:32)
	at stepDefinations.HotelBookingStepDefinations.i_am_on_Booking_form(HotelBookingStepDefinations.java:87)
	at ?.Given I am on Booking form(src/main/resources/features/HotelBooking.feature:43)
</textarea></div>
			
		</li>
		<li test-id='36' class='node and skip' status='skip'>
			
			<b>And</b>
			
			<span class="bdd-step-name">And Entering address in address field</span>
				<div class='pre'>skipped</div>
			
		</li>
		<li test-id='37' class='node then skip' status='skip'>
			
			<b>Then</b>
			
			<span class="bdd-step-name">Then Printing the entered address in console</span>
				<div class='pre'>skipped</div>
			
		</li>
	</ul>
</div>
<div class='scenario node' test-id='38' status='fail'>
	<span class='duration right label'>0h 0m 0s+31ms</span>
	<div class='desc'>
		<b>Scenario</b>
		<span class="desc-text">Verify the alert box message for City</span>
	</div>
	<ul class='steps'>
		<li test-id='39' class='node given fail' status='fail'>
			
			<b>Given</b>
			
			<span class="bdd-step-name">Given I am on Booking form</span>
				<div class='pre'><textarea>java.lang.IllegalStateException: The driver executable does not exist: B:\Workspace\Assessment\src\main\resources\chromedriver.exe
	at com.google.common.base.Preconditions.checkState(Preconditions.java:585)
	at org.openqa.selenium.remote.service.DriverService.checkExecutable(DriverService.java:146)
	at org.openqa.selenium.remote.service.DriverService.findExecutable(DriverService.java:141)
	at org.openqa.selenium.chrome.ChromeDriverService.access$000(ChromeDriverService.java:35)
	at org.openqa.selenium.chrome.ChromeDriverService$Builder.findDefaultExecutable(ChromeDriverService.java:159)
	at org.openqa.selenium.remote.service.DriverService$Builder.build(DriverService.java:355)
	at org.openqa.selenium.chrome.ChromeDriverService.createDefaultService(ChromeDriverService.java:94)
	at org.openqa.selenium.chrome.ChromeDriver.<init>(ChromeDriver.java:123)
	at baseClass.TestBaseClass.initialize(TestBaseClass.java:32)
	at stepDefinations.HotelBookingStepDefinations.i_am_on_Booking_form(HotelBookingStepDefinations.java:87)
	at ?.Given I am on Booking form(src/main/resources/features/HotelBooking.feature:48)
</textarea></div>
			
		</li>
		<li test-id='40' class='node and skip' status='skip'>
			
			<b>And</b>
			
			<span class="bdd-step-name">And Clicking on Confirm without selecting City</span>
				<div class='pre'>skipped</div>
			
		</li>
		<li test-id='41' class='node then skip' status='skip'>
			
			<b>Then</b>
			
			<span class="bdd-step-name">Then Printing the alert messages for City and closing the browser</span>
				<div class='pre'>skipped</div>
			
		</li>
	</ul>
</div>
<div class='scenario node' test-id='42' status='fail'>
	<span class='duration right label'>0h 0m 0s+86ms</span>
	<div class='desc'>
		<b>Scenario</b>
		<span class="desc-text">Verify the alert box message for State</span>
	</div>
	<ul class='steps'>
		<li test-id='43' class='node given fail' status='fail'>
			
			<b>Given</b>
			
			<span class="bdd-step-name">Given I am on Booking form</span>
				<div class='pre'><textarea>java.lang.IllegalStateException: The driver executable does not exist: B:\Workspace\Assessment\src\main\resources\chromedriver.exe
	at com.google.common.base.Preconditions.checkState(Preconditions.java:585)
	at org.openqa.selenium.remote.service.DriverService.checkExecutable(DriverService.java:146)
	at org.openqa.selenium.remote.service.DriverService.findExecutable(DriverService.java:141)
	at org.openqa.selenium.chrome.ChromeDriverService.access$000(ChromeDriverService.java:35)
	at org.openqa.selenium.chrome.ChromeDriverService$Builder.findDefaultExecutable(ChromeDriverService.java:159)
	at org.openqa.selenium.remote.service.DriverService$Builder.build(DriverService.java:355)
	at org.openqa.selenium.chrome.ChromeDriverService.createDefaultService(ChromeDriverService.java:94)
	at org.openqa.selenium.chrome.ChromeDriver.<init>(ChromeDriver.java:123)
	at baseClass.TestBaseClass.initialize(TestBaseClass.java:32)
	at stepDefinations.HotelBookingStepDefinations.i_am_on_Booking_form(HotelBookingStepDefinations.java:87)
	at ?.Given I am on Booking form(src/main/resources/features/HotelBooking.feature:53)
</textarea></div>
			
		</li>
		<li test-id='44' class='node and skip' status='skip'>
			
			<b>And</b>
			
			<span class="bdd-step-name">And Clicking on Confirm without selecting State</span>
				<div class='pre'>skipped</div>
			
		</li>
		<li test-id='45' class='node then skip' status='skip'>
			
			<b>Then</b>
			
			<span class="bdd-step-name">Then Printing the alert messages for State and closing the browser</span>
				<div class='pre'>skipped</div>
			
		</li>
	</ul>
</div>
<div class='scenario node' test-id='46' status='fail'>
	<span class='duration right label'>0h 0m 0s+51ms</span>
	<div class='desc'>
		<b>Scenario</b>
		<span class="desc-text">Select the number of people</span>
	</div>
	<ul class='steps'>
		<li test-id='47' class='node given fail' status='fail'>
			
			<b>Given</b>
			
			<span class="bdd-step-name">Given I am on Booking form</span>
				<div class='pre'><textarea>java.lang.IllegalStateException: The driver executable does not exist: B:\Workspace\Assessment\src\main\resources\chromedriver.exe
	at com.google.common.base.Preconditions.checkState(Preconditions.java:585)
	at org.openqa.selenium.remote.service.DriverService.checkExecutable(DriverService.java:146)
	at org.openqa.selenium.remote.service.DriverService.findExecutable(DriverService.java:141)
	at org.openqa.selenium.chrome.ChromeDriverService.access$000(ChromeDriverService.java:35)
	at org.openqa.selenium.chrome.ChromeDriverService$Builder.findDefaultExecutable(ChromeDriverService.java:159)
	at org.openqa.selenium.remote.service.DriverService$Builder.build(DriverService.java:355)
	at org.openqa.selenium.chrome.ChromeDriverService.createDefaultService(ChromeDriverService.java:94)
	at org.openqa.selenium.chrome.ChromeDriver.<init>(ChromeDriver.java:123)
	at baseClass.TestBaseClass.initialize(TestBaseClass.java:32)
	at stepDefinations.HotelBookingStepDefinations.i_am_on_Booking_form(HotelBookingStepDefinations.java:87)
	at ?.Given I am on Booking form(src/main/resources/features/HotelBooking.feature:58)
</textarea></div>
			
		</li>
		<li test-id='48' class='node and skip' status='skip'>
			
			<b>And</b>
			
			<span class="bdd-step-name">And Selecting the number of people</span>
				<div class='pre'>skipped</div>
			
		</li>
		<li test-id='49' class='node then skip' status='skip'>
			
			<b>Then</b>
			
			<span class="bdd-step-name">Then Printing the number of people and number of Rooms and closing the browser</span>
				<div class='pre'>skipped</div>
			
		</li>
	</ul>
</div>
<div class='scenario node' test-id='50' status='fail'>
	<span class='duration right label'>0h 0m 0s+35ms</span>
	<div class='desc'>
		<b>Scenario</b>
		<span class="desc-text">Verify the alert box message for Card holder Name</span>
	</div>
	<ul class='steps'>
		<li test-id='51' class='node given fail' status='fail'>
			
			<b>Given</b>
			
			<span class="bdd-step-name">Given I am on Booking form</span>
				<div class='pre'><textarea>java.lang.IllegalStateException: The driver executable does not exist: B:\Workspace\Assessment\src\main\resources\chromedriver.exe
	at com.google.common.base.Preconditions.checkState(Preconditions.java:585)
	at org.openqa.selenium.remote.service.DriverService.checkExecutable(DriverService.java:146)
	at org.openqa.selenium.remote.service.DriverService.findExecutable(DriverService.java:141)
	at org.openqa.selenium.chrome.ChromeDriverService.access$000(ChromeDriverService.java:35)
	at org.openqa.selenium.chrome.ChromeDriverService$Builder.findDefaultExecutable(ChromeDriverService.java:159)
	at org.openqa.selenium.remote.service.DriverService$Builder.build(DriverService.java:355)
	at org.openqa.selenium.chrome.ChromeDriverService.createDefaultService(ChromeDriverService.java:94)
	at org.openqa.selenium.chrome.ChromeDriver.<init>(ChromeDriver.java:123)
	at baseClass.TestBaseClass.initialize(TestBaseClass.java:32)
	at stepDefinations.HotelBookingStepDefinations.i_am_on_Booking_form(HotelBookingStepDefinations.java:87)
	at ?.Given I am on Booking form(src/main/resources/features/HotelBooking.feature:63)
</textarea></div>
			
		</li>
		<li test-id='52' class='node and skip' status='skip'>
			
			<b>And</b>
			
			<span class="bdd-step-name">And Clicking on Confirm without entering Card holder Name</span>
				<div class='pre'>skipped</div>
			
		</li>
		<li test-id='53' class='node then skip' status='skip'>
			
			<b>Then</b>
			
			<span class="bdd-step-name">Then Printing the alert message for Card holder name and closing the browser</span>
				<div class='pre'>skipped</div>
			
		</li>
	</ul>
</div>
<div class='scenario node' test-id='54' status='fail'>
	<span class='duration right label'>0h 0m 0s+164ms</span>
	<div class='desc'>
		<b>Scenario</b>
		<span class="desc-text">Verify the alert box message for Debit card number</span>
	</div>
	<ul class='steps'>
		<li test-id='55' class='node given fail' status='fail'>
			
			<b>Given</b>
			
			<span class="bdd-step-name">Given I am on Booking form</span>
				<div class='pre'><textarea>java.lang.IllegalStateException: The driver executable does not exist: B:\Workspace\Assessment\src\main\resources\chromedriver.exe
	at com.google.common.base.Preconditions.checkState(Preconditions.java:585)
	at org.openqa.selenium.remote.service.DriverService.checkExecutable(DriverService.java:146)
	at org.openqa.selenium.remote.service.DriverService.findExecutable(DriverService.java:141)
	at org.openqa.selenium.chrome.ChromeDriverService.access$000(ChromeDriverService.java:35)
	at org.openqa.selenium.chrome.ChromeDriverService$Builder.findDefaultExecutable(ChromeDriverService.java:159)
	at org.openqa.selenium.remote.service.DriverService$Builder.build(DriverService.java:355)
	at org.openqa.selenium.chrome.ChromeDriverService.createDefaultService(ChromeDriverService.java:94)
	at org.openqa.selenium.chrome.ChromeDriver.<init>(ChromeDriver.java:123)
	at baseClass.TestBaseClass.initialize(TestBaseClass.java:32)
	at stepDefinations.HotelBookingStepDefinations.i_am_on_Booking_form(HotelBookingStepDefinations.java:87)
	at ?.Given I am on Booking form(src/main/resources/features/HotelBooking.feature:68)
</textarea></div>
			
		</li>
		<li test-id='56' class='node and skip' status='skip'>
			
			<b>And</b>
			
			<span class="bdd-step-name">And Clicking on Confirm without entering Debit card number</span>
				<div class='pre'>skipped</div>
			
		</li>
		<li test-id='57' class='node then skip' status='skip'>
			
			<b>Then</b>
			
			<span class="bdd-step-name">Then Printing the alert message for Debit card number and closing the browser</span>
				<div class='pre'>skipped</div>
			
		</li>
	</ul>
</div>
<div class='scenario node' test-id='58' status='fail'>
	<span class='duration right label'>0h 0m 0s+66ms</span>
	<div class='desc'>
		<b>Scenario</b>
		<span class="desc-text">Verify the alert box message for CVV</span>
	</div>
	<ul class='steps'>
		<li test-id='59' class='node given fail' status='fail'>
			
			<b>Given</b>
			
			<span class="bdd-step-name">Given I am on Booking form</span>
				<div class='pre'><textarea>java.lang.IllegalStateException: The driver executable does not exist: B:\Workspace\Assessment\src\main\resources\chromedriver.exe
	at com.google.common.base.Preconditions.checkState(Preconditions.java:585)
	at org.openqa.selenium.remote.service.DriverService.checkExecutable(DriverService.java:146)
	at org.openqa.selenium.remote.service.DriverService.findExecutable(DriverService.java:141)
	at org.openqa.selenium.chrome.ChromeDriverService.access$000(ChromeDriverService.java:35)
	at org.openqa.selenium.chrome.ChromeDriverService$Builder.findDefaultExecutable(ChromeDriverService.java:159)
	at org.openqa.selenium.remote.service.DriverService$Builder.build(DriverService.java:355)
	at org.openqa.selenium.chrome.ChromeDriverService.createDefaultService(ChromeDriverService.java:94)
	at org.openqa.selenium.chrome.ChromeDriver.<init>(ChromeDriver.java:123)
	at baseClass.TestBaseClass.initialize(TestBaseClass.java:32)
	at stepDefinations.HotelBookingStepDefinations.i_am_on_Booking_form(HotelBookingStepDefinations.java:87)
	at ?.Given I am on Booking form(src/main/resources/features/HotelBooking.feature:73)
</textarea></div>
			
		</li>
		<li test-id='60' class='node and skip' status='skip'>
			
			<b>And</b>
			
			<span class="bdd-step-name">And Clicking on Confirm without entering CVV</span>
				<div class='pre'>skipped</div>
			
		</li>
		<li test-id='61' class='node then skip' status='skip'>
			
			<b>Then</b>
			
			<span class="bdd-step-name">Then Printing the alert message for CVV and closing the browser</span>
				<div class='pre'>skipped</div>
			
		</li>
	</ul>
</div>
<div class='scenario node' test-id='62' status='fail'>
	<span class='duration right label'>0h 0m 0s+96ms</span>
	<div class='desc'>
		<b>Scenario</b>
		<span class="desc-text">Verify the alert box message for Expiration Month and Year</span>
	</div>
	<ul class='steps'>
		<li test-id='63' class='node given fail' status='fail'>
			
			<b>Given</b>
			
			<span class="bdd-step-name">Given I am on Booking form</span>
				<div class='pre'><textarea>java.lang.IllegalStateException: The driver executable does not exist: B:\Workspace\Assessment\src\main\resources\chromedriver.exe
	at com.google.common.base.Preconditions.checkState(Preconditions.java:585)
	at org.openqa.selenium.remote.service.DriverService.checkExecutable(DriverService.java:146)
	at org.openqa.selenium.remote.service.DriverService.findExecutable(DriverService.java:141)
	at org.openqa.selenium.chrome.ChromeDriverService.access$000(ChromeDriverService.java:35)
	at org.openqa.selenium.chrome.ChromeDriverService$Builder.findDefaultExecutable(ChromeDriverService.java:159)
	at org.openqa.selenium.remote.service.DriverService$Builder.build(DriverService.java:355)
	at org.openqa.selenium.chrome.ChromeDriverService.createDefaultService(ChromeDriverService.java:94)
	at org.openqa.selenium.chrome.ChromeDriver.<init>(ChromeDriver.java:123)
	at baseClass.TestBaseClass.initialize(TestBaseClass.java:32)
	at stepDefinations.HotelBookingStepDefinations.i_am_on_Booking_form(HotelBookingStepDefinations.java:87)
	at ?.Given I am on Booking form(src/main/resources/features/HotelBooking.feature:78)
</textarea></div>
			
		</li>
		<li test-id='64' class='node and skip' status='skip'>
			
			<b>And</b>
			
			<span class="bdd-step-name">And Clicking on Confirm without entering Expiration Month</span>
				<div class='pre'>skipped</div>
			
		</li>
		<li test-id='65' class='node and skip' status='skip'>
			
			<b>And</b>
			
			<span class="bdd-step-name">And Clicking on Confirm without entering Expiration Year</span>
				<div class='pre'>skipped</div>
			
		</li>
		<li test-id='66' class='node then skip' status='skip'>
			
			<b>Then</b>
			
			<span class="bdd-step-name">Then Printing the alert messages for Expiration Month and Year and closing the browser</span>
				<div class='pre'>skipped</div>
			
		</li>
	</ul>
</div>
<div class='scenario node' test-id='67' status='fail'>
	<span class='duration right label'>0h 0m 0s+41ms</span>
	<div class='desc'>
		<b>Scenario</b>
		<span class="desc-text">Verify the Boking complete message</span>
	</div>
	<ul class='steps'>
		<li test-id='68' class='node given fail' status='fail'>
			
			<b>Given</b>
			
			<span class="bdd-step-name">Given I am on Booking form</span>
				<div class='pre'><textarea>java.lang.IllegalStateException: The driver executable does not exist: B:\Workspace\Assessment\src\main\resources\chromedriver.exe
	at com.google.common.base.Preconditions.checkState(Preconditions.java:585)
	at org.openqa.selenium.remote.service.DriverService.checkExecutable(DriverService.java:146)
	at org.openqa.selenium.remote.service.DriverService.findExecutable(DriverService.java:141)
	at org.openqa.selenium.chrome.ChromeDriverService.access$000(ChromeDriverService.java:35)
	at org.openqa.selenium.chrome.ChromeDriverService$Builder.findDefaultExecutable(ChromeDriverService.java:159)
	at org.openqa.selenium.remote.service.DriverService$Builder.build(DriverService.java:355)
	at org.openqa.selenium.chrome.ChromeDriverService.createDefaultService(ChromeDriverService.java:94)
	at org.openqa.selenium.chrome.ChromeDriver.<init>(ChromeDriver.java:123)
	at baseClass.TestBaseClass.initialize(TestBaseClass.java:32)
	at stepDefinations.HotelBookingStepDefinations.i_am_on_Booking_form(HotelBookingStepDefinations.java:87)
	at ?.Given I am on Booking form(src/main/resources/features/HotelBooking.feature:84)
</textarea></div>
			
		</li>
		<li test-id='69' class='node and skip' status='skip'>
			
			<b>And</b>
			
			<span class="bdd-step-name">And Clicking on Confirm after entering all details</span>
				<div class='pre'>skipped</div>
			
		</li>
		<li test-id='70' class='node then skip' status='skip'>
			
			<b>Then</b>
			
			<span class="bdd-step-name">Then I am redirected to success page</span>
				<div class='pre'>skipped</div>
			
		</li>
	</ul>
</div>
					</div>
				</li>
			</ul>
		</div>
	</div>
	<!-- subview left -->

	<div class='subview-right left'>
		<div class='view-summary'>
			<h5 class='test-name'></h5>

			<div id='step-filters' class="right">
				<span class="blue-text" status="info" alt="info" title="info"><i class="material-icons">info_outline</i></span>
				<span class="green-text" status="pass" alt="pass" title="pass"><i class="material-icons">check_circle</i></span>
				<span class="red-text" status="fail" alt="fail" title="fail"><i class="material-icons">cancel</i></span>
				<span class="red-text text-darken-4" status="fatal" alt="fatal" title="fatal"><i class="material-icons">cancel</i></span>
				<span class="pink-text text-lighten-1" status="error" alt="error" title="error"><i class="material-icons">error</i></span>
				<span class="orange-text" alt="warning" status="warning" title="warning"><i class="material-icons">warning</i></span>
				<span class="teal-text" status="skip" alt="skip" title="skip"><i class="material-icons">redo</i></span>
				<span status="clear" alt="Clear filters" title="Clear filters"><i class="material-icons">clear</i></span>
			</div>
		</div>
	</div>
	<!-- subview right -->

</div>
<!-- test view -->
<!-- category view -->
<div id='exception-view' class='view hide'>

    <section id='controls'>
        <div class='controls grey lighten-4'>
            <!-- search -->
            <div class='chip transparent' alt='Search Tests' title='Search Tests'>
                <a href="#" class='search-div'>
                    <i class='material-icons'>search</i> Search
                </a>

                <div class='input-field left hide'>
                    <input id='search-tests' type='text' class='validate browser-default' placeholder='Search Tests...'>
                </div>

            </div>
            <!-- search -->
        </div>
    </section>

    <div class='subview-left left'>

        <div class='view-summary'>
            <h5>Exceptions</h3>
                <ul id='exception-collection' class='exception-collection'>

                        <li class='exception displayed active'>
                            <div class='exception-heading'>
                                <span class='exception-name'>java.lang.IllegalStateException</span>
                                <span class='exception-count right'><span class='label red lighten-1 white-text'>16</span></span>
                            </div>
                            <div class='exception-content hide'>
                                <div class='exception-tests'>
                                    <table class='bordered table-results'>
                                        <thead>
                                        <tr>
                                            <th>Timestamp</th>
                                            <th>TestName</th>
                                            <th>Status</th>
                                        </tr>
                                        </thead>
                                        <tbody>
                                                    <tr>
                                                        <td>Jan 7, 2021 02:38:57 PM</td>
                                                        <td class='linked' test-id='3'>Verify the Hotel Booking Application.Verify heading of Login page.Given I am on Login page</td>
                                                        <td><pre><textarea>java.lang.IllegalStateException: The driver executable does not exist: B:\Workspace\Assessment\src\main\resources\chromedriver.exe
	at com.google.common.base.Preconditions.checkState(Preconditions.java:585)
	at org.openqa.selenium.remote.service.DriverService.checkExecutable(DriverService.java:146)
	at org.openqa.selenium.remote.service.DriverService.findExecutable(DriverService.java:141)
	at org.openqa.selenium.chrome.ChromeDriverService.access$000(ChromeDriverService.java:35)
	at org.openqa.selenium.chrome.ChromeDriverService$Builder.findDefaultExecutable(ChromeDriverService.java:159)
	at org.openqa.selenium.remote.service.DriverService$Builder.build(DriverService.java:355)
	at org.openqa.selenium.chrome.ChromeDriverService.createDefaultService(ChromeDriverService.java:94)
	at org.openqa.selenium.chrome.ChromeDriver.<init>(ChromeDriver.java:123)
	at baseClass.TestBaseClass.initialize(TestBaseClass.java:32)
	at stepDefinations.HotelBookingStepDefinations.i_am_on_Login_page(HotelBookingStepDefinations.java:27)
	at ?.Given I am on Login page(src/main/resources/features/HotelBooking.feature:4)
</textarea></pre></td>
                                                    </tr>
                                                    <tr>
                                                        <td>Jan 7, 2021 02:38:59 PM</td>
                                                        <td class='linked' test-id='7'>Verify the Hotel Booking Application.Verify error messages for username and password.Given I am on Login page</td>
                                                        <td><pre><textarea>java.lang.IllegalStateException: The driver executable does not exist: B:\Workspace\Assessment\src\main\resources\chromedriver.exe
	at com.google.common.base.Preconditions.checkState(Preconditions.java:585)
	at org.openqa.selenium.remote.service.DriverService.checkExecutable(DriverService.java:146)
	at org.openqa.selenium.remote.service.DriverService.findExecutable(DriverService.java:141)
	at org.openqa.selenium.chrome.ChromeDriverService.access$000(ChromeDriverService.java:35)
	at org.openqa.selenium.chrome.ChromeDriverService$Builder.findDefaultExecutable(ChromeDriverService.java:159)
	at org.openqa.selenium.remote.service.DriverService$Builder.build(DriverService.java:355)
	at org.openqa.selenium.chrome.ChromeDriverService.createDefaultService(ChromeDriverService.java:94)
	at org.openqa.selenium.chrome.ChromeDriver.<init>(ChromeDriver.java:123)
	at baseClass.TestBaseClass.initialize(TestBaseClass.java:32)
	at stepDefinations.HotelBookingStepDefinations.i_am_on_Login_page(HotelBookingStepDefinations.java:27)
	at ?.Given I am on Login page(src/main/resources/features/HotelBooking.feature:9)
</textarea></pre></td>
                                                    </tr>
                                                    <tr>
                                                        <td>Jan 7, 2021 02:38:59 PM</td>
                                                        <td class='linked' test-id='12'>Verify the Hotel Booking Application.Verify the redirection after clicking Login button.Given I am on Login page</td>
                                                        <td><pre><textarea>java.lang.IllegalStateException: The driver executable does not exist: B:\Workspace\Assessment\src\main\resources\chromedriver.exe
	at com.google.common.base.Preconditions.checkState(Preconditions.java:585)
	at org.openqa.selenium.remote.service.DriverService.checkExecutable(DriverService.java:146)
	at org.openqa.selenium.remote.service.DriverService.findExecutable(DriverService.java:141)
	at org.openqa.selenium.chrome.ChromeDriverService.access$000(ChromeDriverService.java:35)
	at org.openqa.selenium.chrome.ChromeDriverService$Builder.findDefaultExecutable(ChromeDriverService.java:159)
	at org.openqa.selenium.remote.service.DriverService$Builder.build(DriverService.java:355)
	at org.openqa.selenium.chrome.ChromeDriverService.createDefaultService(ChromeDriverService.java:94)
	at org.openqa.selenium.chrome.ChromeDriver.<init>(ChromeDriver.java:123)
	at baseClass.TestBaseClass.initialize(TestBaseClass.java:32)
	at stepDefinations.HotelBookingStepDefinations.i_am_on_Login_page(HotelBookingStepDefinations.java:27)
	at ?.Given I am on Login page(src/main/resources/features/HotelBooking.feature:15)
</textarea></pre></td>
                                                    </tr>
                                                    <tr>
                                                        <td>Jan 7, 2021 02:38:59 PM</td>
                                                        <td class='linked' test-id='17'>Verify the Hotel Booking Application.Verify the alert box message for First Name.Given I am on Booking form</td>
                                                        <td><pre><textarea>java.lang.IllegalStateException: The driver executable does not exist: B:\Workspace\Assessment\src\main\resources\chromedriver.exe
	at com.google.common.base.Preconditions.checkState(Preconditions.java:585)
	at org.openqa.selenium.remote.service.DriverService.checkExecutable(DriverService.java:146)
	at org.openqa.selenium.remote.service.DriverService.findExecutable(DriverService.java:141)
	at org.openqa.selenium.chrome.ChromeDriverService.access$000(ChromeDriverService.java:35)
	at org.openqa.selenium.chrome.ChromeDriverService$Builder.findDefaultExecutable(ChromeDriverService.java:159)
	at org.openqa.selenium.remote.service.DriverService$Builder.build(DriverService.java:355)
	at org.openqa.selenium.chrome.ChromeDriverService.createDefaultService(ChromeDriverService.java:94)
	at org.openqa.selenium.chrome.ChromeDriver.<init>(ChromeDriver.java:123)
	at baseClass.TestBaseClass.initialize(TestBaseClass.java:32)
	at stepDefinations.HotelBookingStepDefinations.i_am_on_Booking_form(HotelBookingStepDefinations.java:87)
	at ?.Given I am on Booking form(src/main/resources/features/HotelBooking.feature:21)
</textarea></pre></td>
                                                    </tr>
                                                    <tr>
                                                        <td>Jan 7, 2021 02:38:59 PM</td>
                                                        <td class='linked' test-id='21'>Verify the Hotel Booking Application.Verify the alert box message for Last Name.Given I am on Booking form</td>
                                                        <td><pre><textarea>java.lang.IllegalStateException: The driver executable does not exist: B:\Workspace\Assessment\src\main\resources\chromedriver.exe
	at com.google.common.base.Preconditions.checkState(Preconditions.java:585)
	at org.openqa.selenium.remote.service.DriverService.checkExecutable(DriverService.java:146)
	at org.openqa.selenium.remote.service.DriverService.findExecutable(DriverService.java:141)
	at org.openqa.selenium.chrome.ChromeDriverService.access$000(ChromeDriverService.java:35)
	at org.openqa.selenium.chrome.ChromeDriverService$Builder.findDefaultExecutable(ChromeDriverService.java:159)
	at org.openqa.selenium.remote.service.DriverService$Builder.build(DriverService.java:355)
	at org.openqa.selenium.chrome.ChromeDriverService.createDefaultService(ChromeDriverService.java:94)
	at org.openqa.selenium.chrome.ChromeDriver.<init>(ChromeDriver.java:123)
	at baseClass.TestBaseClass.initialize(TestBaseClass.java:32)
	at stepDefinations.HotelBookingStepDefinations.i_am_on_Booking_form(HotelBookingStepDefinations.java:87)
	at ?.Given I am on Booking form(src/main/resources/features/HotelBooking.feature:26)
</textarea></pre></td>
                                                    </tr>
                                                    <tr>
                                                        <td>Jan 7, 2021 02:38:59 PM</td>
                                                        <td class='linked' test-id='25'>Verify the Hotel Booking Application.Verify the alert box message for Email.Given I am on Booking form</td>
                                                        <td><pre><textarea>java.lang.IllegalStateException: The driver executable does not exist: B:\Workspace\Assessment\src\main\resources\chromedriver.exe
	at com.google.common.base.Preconditions.checkState(Preconditions.java:585)
	at org.openqa.selenium.remote.service.DriverService.checkExecutable(DriverService.java:146)
	at org.openqa.selenium.remote.service.DriverService.findExecutable(DriverService.java:141)
	at org.openqa.selenium.chrome.ChromeDriverService.access$000(ChromeDriverService.java:35)
	at org.openqa.selenium.chrome.ChromeDriverService$Builder.findDefaultExecutable(ChromeDriverService.java:159)
	at org.openqa.selenium.remote.service.DriverService$Builder.build(DriverService.java:355)
	at org.openqa.selenium.chrome.ChromeDriverService.createDefaultService(ChromeDriverService.java:94)
	at org.openqa.selenium.chrome.ChromeDriver.<init>(ChromeDriver.java:123)
	at baseClass.TestBaseClass.initialize(TestBaseClass.java:32)
	at stepDefinations.HotelBookingStepDefinations.i_am_on_Booking_form(HotelBookingStepDefinations.java:87)
	at ?.Given I am on Booking form(src/main/resources/features/HotelBooking.feature:31)
</textarea></pre></td>
                                                    </tr>
                                                    <tr>
                                                        <td>Jan 7, 2021 02:39:00 PM</td>
                                                        <td class='linked' test-id='30'>Verify the Hotel Booking Application.Verify the alert box message for Mobile.Given I am on Booking form</td>
                                                        <td><pre><textarea>java.lang.IllegalStateException: The driver executable does not exist: B:\Workspace\Assessment\src\main\resources\chromedriver.exe
	at com.google.common.base.Preconditions.checkState(Preconditions.java:585)
	at org.openqa.selenium.remote.service.DriverService.checkExecutable(DriverService.java:146)
	at org.openqa.selenium.remote.service.DriverService.findExecutable(DriverService.java:141)
	at org.openqa.selenium.chrome.ChromeDriverService.access$000(ChromeDriverService.java:35)
	at org.openqa.selenium.chrome.ChromeDriverService$Builder.findDefaultExecutable(ChromeDriverService.java:159)
	at org.openqa.selenium.remote.service.DriverService$Builder.build(DriverService.java:355)
	at org.openqa.selenium.chrome.ChromeDriverService.createDefaultService(ChromeDriverService.java:94)
	at org.openqa.selenium.chrome.ChromeDriver.<init>(ChromeDriver.java:123)
	at baseClass.TestBaseClass.initialize(TestBaseClass.java:32)
	at stepDefinations.HotelBookingStepDefinations.i_am_on_Booking_form(HotelBookingStepDefinations.java:87)
	at ?.Given I am on Booking form(src/main/resources/features/HotelBooking.feature:37)
</textarea></pre></td>
                                                    </tr>
                                                    <tr>
                                                        <td>Jan 7, 2021 02:39:00 PM</td>
                                                        <td class='linked' test-id='35'>Verify the Hotel Booking Application.Enter the address.Given I am on Booking form</td>
                                                        <td><pre><textarea>java.lang.IllegalStateException: The driver executable does not exist: B:\Workspace\Assessment\src\main\resources\chromedriver.exe
	at com.google.common.base.Preconditions.checkState(Preconditions.java:585)
	at org.openqa.selenium.remote.service.DriverService.checkExecutable(DriverService.java:146)
	at org.openqa.selenium.remote.service.DriverService.findExecutable(DriverService.java:141)
	at org.openqa.selenium.chrome.ChromeDriverService.access$000(ChromeDriverService.java:35)
	at org.openqa.selenium.chrome.ChromeDriverService$Builder.findDefaultExecutable(ChromeDriverService.java:159)
	at org.openqa.selenium.remote.service.DriverService$Builder.build(DriverService.java:355)
	at org.openqa.selenium.chrome.ChromeDriverService.createDefaultService(ChromeDriverService.java:94)
	at org.openqa.selenium.chrome.ChromeDriver.<init>(ChromeDriver.java:123)
	at baseClass.TestBaseClass.initialize(TestBaseClass.java:32)
	at stepDefinations.HotelBookingStepDefinations.i_am_on_Booking_form(HotelBookingStepDefinations.java:87)
	at ?.Given I am on Booking form(src/main/resources/features/HotelBooking.feature:43)
</textarea></pre></td>
                                                    </tr>
                                                    <tr>
                                                        <td>Jan 7, 2021 02:39:00 PM</td>
                                                        <td class='linked' test-id='39'>Verify the Hotel Booking Application.Verify the alert box message for City.Given I am on Booking form</td>
                                                        <td><pre><textarea>java.lang.IllegalStateException: The driver executable does not exist: B:\Workspace\Assessment\src\main\resources\chromedriver.exe
	at com.google.common.base.Preconditions.checkState(Preconditions.java:585)
	at org.openqa.selenium.remote.service.DriverService.checkExecutable(DriverService.java:146)
	at org.openqa.selenium.remote.service.DriverService.findExecutable(DriverService.java:141)
	at org.openqa.selenium.chrome.ChromeDriverService.access$000(ChromeDriverService.java:35)
	at org.openqa.selenium.chrome.ChromeDriverService$Builder.findDefaultExecutable(ChromeDriverService.java:159)
	at org.openqa.selenium.remote.service.DriverService$Builder.build(DriverService.java:355)
	at org.openqa.selenium.chrome.ChromeDriverService.createDefaultService(ChromeDriverService.java:94)
	at org.openqa.selenium.chrome.ChromeDriver.<init>(ChromeDriver.java:123)
	at baseClass.TestBaseClass.initialize(TestBaseClass.java:32)
	at stepDefinations.HotelBookingStepDefinations.i_am_on_Booking_form(HotelBookingStepDefinations.java:87)
	at ?.Given I am on Booking form(src/main/resources/features/HotelBooking.feature:48)
</textarea></pre></td>
                                                    </tr>
                                                    <tr>
                                                        <td>Jan 7, 2021 02:39:00 PM</td>
                                                        <td class='linked' test-id='43'>Verify the Hotel Booking Application.Verify the alert box message for State.Given I am on Booking form</td>
                                                        <td><pre><textarea>java.lang.IllegalStateException: The driver executable does not exist: B:\Workspace\Assessment\src\main\resources\chromedriver.exe
	at com.google.common.base.Preconditions.checkState(Preconditions.java:585)
	at org.openqa.selenium.remote.service.DriverService.checkExecutable(DriverService.java:146)
	at org.openqa.selenium.remote.service.DriverService.findExecutable(DriverService.java:141)
	at org.openqa.selenium.chrome.ChromeDriverService.access$000(ChromeDriverService.java:35)
	at org.openqa.selenium.chrome.ChromeDriverService$Builder.findDefaultExecutable(ChromeDriverService.java:159)
	at org.openqa.selenium.remote.service.DriverService$Builder.build(DriverService.java:355)
	at org.openqa.selenium.chrome.ChromeDriverService.createDefaultService(ChromeDriverService.java:94)
	at org.openqa.selenium.chrome.ChromeDriver.<init>(ChromeDriver.java:123)
	at baseClass.TestBaseClass.initialize(TestBaseClass.java:32)
	at stepDefinations.HotelBookingStepDefinations.i_am_on_Booking_form(HotelBookingStepDefinations.java:87)
	at ?.Given I am on Booking form(src/main/resources/features/HotelBooking.feature:53)
</textarea></pre></td>
                                                    </tr>
                                                    <tr>
                                                        <td>Jan 7, 2021 02:39:00 PM</td>
                                                        <td class='linked' test-id='47'>Verify the Hotel Booking Application.Select the number of people.Given I am on Booking form</td>
                                                        <td><pre><textarea>java.lang.IllegalStateException: The driver executable does not exist: B:\Workspace\Assessment\src\main\resources\chromedriver.exe
	at com.google.common.base.Preconditions.checkState(Preconditions.java:585)
	at org.openqa.selenium.remote.service.DriverService.checkExecutable(DriverService.java:146)
	at org.openqa.selenium.remote.service.DriverService.findExecutable(DriverService.java:141)
	at org.openqa.selenium.chrome.ChromeDriverService.access$000(ChromeDriverService.java:35)
	at org.openqa.selenium.chrome.ChromeDriverService$Builder.findDefaultExecutable(ChromeDriverService.java:159)
	at org.openqa.selenium.remote.service.DriverService$Builder.build(DriverService.java:355)
	at org.openqa.selenium.chrome.ChromeDriverService.createDefaultService(ChromeDriverService.java:94)
	at org.openqa.selenium.chrome.ChromeDriver.<init>(ChromeDriver.java:123)
	at baseClass.TestBaseClass.initialize(TestBaseClass.java:32)
	at stepDefinations.HotelBookingStepDefinations.i_am_on_Booking_form(HotelBookingStepDefinations.java:87)
	at ?.Given I am on Booking form(src/main/resources/features/HotelBooking.feature:58)
</textarea></pre></td>
                                                    </tr>
                                                    <tr>
                                                        <td>Jan 7, 2021 02:39:00 PM</td>
                                                        <td class='linked' test-id='51'>Verify the Hotel Booking Application.Verify the alert box message for Card holder Name.Given I am on Booking form</td>
                                                        <td><pre><textarea>java.lang.IllegalStateException: The driver executable does not exist: B:\Workspace\Assessment\src\main\resources\chromedriver.exe
	at com.google.common.base.Preconditions.checkState(Preconditions.java:585)
	at org.openqa.selenium.remote.service.DriverService.checkExecutable(DriverService.java:146)
	at org.openqa.selenium.remote.service.DriverService.findExecutable(DriverService.java:141)
	at org.openqa.selenium.chrome.ChromeDriverService.access$000(ChromeDriverService.java:35)
	at org.openqa.selenium.chrome.ChromeDriverService$Builder.findDefaultExecutable(ChromeDriverService.java:159)
	at org.openqa.selenium.remote.service.DriverService$Builder.build(DriverService.java:355)
	at org.openqa.selenium.chrome.ChromeDriverService.createDefaultService(ChromeDriverService.java:94)
	at org.openqa.selenium.chrome.ChromeDriver.<init>(ChromeDriver.java:123)
	at baseClass.TestBaseClass.initialize(TestBaseClass.java:32)
	at stepDefinations.HotelBookingStepDefinations.i_am_on_Booking_form(HotelBookingStepDefinations.java:87)
	at ?.Given I am on Booking form(src/main/resources/features/HotelBooking.feature:63)
</textarea></pre></td>
                                                    </tr>
                                                    <tr>
                                                        <td>Jan 7, 2021 02:39:00 PM</td>
                                                        <td class='linked' test-id='55'>Verify the Hotel Booking Application.Verify the alert box message for Debit card number.Given I am on Booking form</td>
                                                        <td><pre><textarea>java.lang.IllegalStateException: The driver executable does not exist: B:\Workspace\Assessment\src\main\resources\chromedriver.exe
	at com.google.common.base.Preconditions.checkState(Preconditions.java:585)
	at org.openqa.selenium.remote.service.DriverService.checkExecutable(DriverService.java:146)
	at org.openqa.selenium.remote.service.DriverService.findExecutable(DriverService.java:141)
	at org.openqa.selenium.chrome.ChromeDriverService.access$000(ChromeDriverService.java:35)
	at org.openqa.selenium.chrome.ChromeDriverService$Builder.findDefaultExecutable(ChromeDriverService.java:159)
	at org.openqa.selenium.remote.service.DriverService$Builder.build(DriverService.java:355)
	at org.openqa.selenium.chrome.ChromeDriverService.createDefaultService(ChromeDriverService.java:94)
	at org.openqa.selenium.chrome.ChromeDriver.<init>(ChromeDriver.java:123)
	at baseClass.TestBaseClass.initialize(TestBaseClass.java:32)
	at stepDefinations.HotelBookingStepDefinations.i_am_on_Booking_form(HotelBookingStepDefinations.java:87)
	at ?.Given I am on Booking form(src/main/resources/features/HotelBooking.feature:68)
</textarea></pre></td>
                                                    </tr>
                                                    <tr>
                                                        <td>Jan 7, 2021 02:39:00 PM</td>
                                                        <td class='linked' test-id='59'>Verify the Hotel Booking Application.Verify the alert box message for CVV.Given I am on Booking form</td>
                                                        <td><pre><textarea>java.lang.IllegalStateException: The driver executable does not exist: B:\Workspace\Assessment\src\main\resources\chromedriver.exe
	at com.google.common.base.Preconditions.checkState(Preconditions.java:585)
	at org.openqa.selenium.remote.service.DriverService.checkExecutable(DriverService.java:146)
	at org.openqa.selenium.remote.service.DriverService.findExecutable(DriverService.java:141)
	at org.openqa.selenium.chrome.ChromeDriverService.access$000(ChromeDriverService.java:35)
	at org.openqa.selenium.chrome.ChromeDriverService$Builder.findDefaultExecutable(ChromeDriverService.java:159)
	at org.openqa.selenium.remote.service.DriverService$Builder.build(DriverService.java:355)
	at org.openqa.selenium.chrome.ChromeDriverService.createDefaultService(ChromeDriverService.java:94)
	at org.openqa.selenium.chrome.ChromeDriver.<init>(ChromeDriver.java:123)
	at baseClass.TestBaseClass.initialize(TestBaseClass.java:32)
	at stepDefinations.HotelBookingStepDefinations.i_am_on_Booking_form(HotelBookingStepDefinations.java:87)
	at ?.Given I am on Booking form(src/main/resources/features/HotelBooking.feature:73)
</textarea></pre></td>
                                                    </tr>
                                                    <tr>
                                                        <td>Jan 7, 2021 02:39:00 PM</td>
                                                        <td class='linked' test-id='63'>Verify the Hotel Booking Application.Verify the alert box message for Expiration Month and Year.Given I am on Booking form</td>
                                                        <td><pre><textarea>java.lang.IllegalStateException: The driver executable does not exist: B:\Workspace\Assessment\src\main\resources\chromedriver.exe
	at com.google.common.base.Preconditions.checkState(Preconditions.java:585)
	at org.openqa.selenium.remote.service.DriverService.checkExecutable(DriverService.java:146)
	at org.openqa.selenium.remote.service.DriverService.findExecutable(DriverService.java:141)
	at org.openqa.selenium.chrome.ChromeDriverService.access$000(ChromeDriverService.java:35)
	at org.openqa.selenium.chrome.ChromeDriverService$Builder.findDefaultExecutable(ChromeDriverService.java:159)
	at org.openqa.selenium.remote.service.DriverService$Builder.build(DriverService.java:355)
	at org.openqa.selenium.chrome.ChromeDriverService.createDefaultService(ChromeDriverService.java:94)
	at org.openqa.selenium.chrome.ChromeDriver.<init>(ChromeDriver.java:123)
	at baseClass.TestBaseClass.initialize(TestBaseClass.java:32)
	at stepDefinations.HotelBookingStepDefinations.i_am_on_Booking_form(HotelBookingStepDefinations.java:87)
	at ?.Given I am on Booking form(src/main/resources/features/HotelBooking.feature:78)
</textarea></pre></td>
                                                    </tr>
                                                    <tr>
                                                        <td>Jan 7, 2021 02:39:00 PM</td>
                                                        <td class='linked' test-id='68'>Verify the Hotel Booking Application.Verify the Boking complete message.Given I am on Booking form</td>
                                                        <td><pre><textarea>java.lang.IllegalStateException: The driver executable does not exist: B:\Workspace\Assessment\src\main\resources\chromedriver.exe
	at com.google.common.base.Preconditions.checkState(Preconditions.java:585)
	at org.openqa.selenium.remote.service.DriverService.checkExecutable(DriverService.java:146)
	at org.openqa.selenium.remote.service.DriverService.findExecutable(DriverService.java:141)
	at org.openqa.selenium.chrome.ChromeDriverService.access$000(ChromeDriverService.java:35)
	at org.openqa.selenium.chrome.ChromeDriverService$Builder.findDefaultExecutable(ChromeDriverService.java:159)
	at org.openqa.selenium.remote.service.DriverService$Builder.build(DriverService.java:355)
	at org.openqa.selenium.chrome.ChromeDriverService.createDefaultService(ChromeDriverService.java:94)
	at org.openqa.selenium.chrome.ChromeDriver.<init>(ChromeDriver.java:123)
	at baseClass.TestBaseClass.initialize(TestBaseClass.java:32)
	at stepDefinations.HotelBookingStepDefinations.i_am_on_Booking_form(HotelBookingStepDefinations.java:87)
	at ?.Given I am on Booking form(src/main/resources/features/HotelBooking.feature:84)
</textarea></pre></td>
                                                    </tr>
                                        </tbody>
                                    </table>
                                </div>
                            </div>
                        </li>
                </ul>
        </div>
    </div>

    <div class='subview-right left'>
        <div class='view-summary'>
            <h5 class='exception-name'></h5>
        </div>
    </div>
</div>
<!-- exception view -->
<div id='dashboard-view' class='view hide'>
	<div class='card-panel transparent np-v'>
		<h5>Dashboard</h5>

		<div class='row'>
			<div class='col s2'>
				<div class='card-panel r'>
					Features
					<div class='panel-lead'>1</div>
				</div>
			</div>
			<div class='col s2'>
				<div class='card-panel r'>
					Scenarios
					<div class='panel-lead'>16</div>
				</div>
			</div>
			<div class='col s2'>
				<div class='card-panel r'>
					Steps
					<div class='panel-lead'>53</div>
				</div>
			</div>
			<div class='col s2'>
				<div class='card-panel r'>
					Start
					<div class='panel-lead'>Jan 7, 2021 02:38:57 PM</div>
				</div>
			</div>
			<div class='col s2'>
				<div class='card-panel r'>
			 		End
			 		<div class='panel-lead'>Jan 7, 2021 02:39:01 PM</div>
				</div>
			</div>
			<div class='col s2'>
				<div class='card-panel r'>
					Time Taken
					<div class='panel-lead'>4,532ms</div>
				</div>
			</div>
			<div class='col s4'>
				<div class='card-panel environment'>
					<span class='right label cyan white-text'>Environment</span><p>&nbsp;</p>
					
					<table>
						<tr>
							<th>Name</th>
							<th>Value</th>
						</tr>
							<tr>
								<td>User Name</td>
								<td>AJ</td>
							</tr>
							<tr>
								<td>Application Name</td>
								<td>Test App </td>
							</tr>
							<tr>
								<td>Operating System Type</td>
								<td>Windows 10</td>
							</tr>
							<tr>
								<td>Environment</td>
								<td>Production</td>
							</tr>
					</table>
				</div>
			</div>
		</div>
	</div>
</div>
<!-- dashboard view -->
<div id='testrunner-logs-view' class='view hide'>
	<div class='card-panel transparent np-v'>
		<h5>TestRunner Logs</h5>
		
		<div class='card-panel'>
				Test Execution Cucumber Report
		</div>
	</div>
</div>
<!-- testrunner-logs view -->
		</div>
		<!-- container -->

		<script>
			var statusGroup = {
				passParent: 0,
				failParent: 1,
				fatalParent: 0,
				errorParent: 0,
				warningParent: 0,
				skipParent: 0,
				exceptionsParent: 1,
				
				passChild: 0,
				failChild: 16,
				fatalChild: 0,
				errorChild: 0,
				warningChild: 0,
				skipChild: 0,
				infoChild: 0,
				exceptionsChild: 16,
				
				passGrandChild: 0,
				failGrandChild: 16,
				fatalGrandChild: 0,
				errorGrandChild: 0,
				warningGrandChild: 0,
				skipGrandChild: 37,
				infoGrandChild: 0,
				exceptionsGrandChild: 53,
			};
		</script>
		
			<script src='http://cdn.rawgit.com/anshooarora/extentreports-java/5ed7b0c339b51aa347b44ccaa2e2ff29905b2f9f/dist/js/extent.js' type='text/javascript'></script>
		
		
	</body>
	
</html>
